<?xml version="1.0" encoding="UTF-8"?>
<!-- Generated by org.testng.reporters.JUnitReportReporter -->
<testsuite hostname="ATMECSINLT-083" failures="0" tests="1" name="com.onewaycleartrip.testscripts.ClearTripAssignment_oneway" time="59.786" errors="0" timestamp="06 Sep 2019 14:15:22 GMT" skipped="0">
  <testcase classname="com.onewaycleartrip.testscripts.ClearTripAssignment_oneway" name="fromPlace" time="59.786"/>
</testsuite> <!-- com.onewaycleartrip.testscripts.ClearTripAssignment_oneway -->
