<?xml version="1.0" encoding="UTF-8"?>
<!-- Generated by org.testng.reporters.JUnitReportReporter -->
<testsuite hostname="ATMECSINLT-083" failures="0" tests="1" name="com.onewaycleartrip.testscripts.ClearTripAssignment" time="57.577" errors="0" timestamp="06 Sep 2019 13:30:16 GMT" skipped="0">
  <testcase classname="com.onewaycleartrip.testscripts.ClearTripAssignment" name="fromPlace" time="57.577"/>
</testsuite> <!-- com.onewaycleartrip.testscripts.ClearTripAssignment -->
